dynamics.py - INFO - 2024-10-07 17:26:04,905 - ID: 4915 : KBA-63938-V1Y0Y9 : http://sv-vw-ejap:5555/SupportCenter/main.aspx?etc=127&extraqs=%3fetc%3d127%26id%3d%257ba66c9971-9486-ed11-882c-00505695a183%257d&newWindow=true&pagetype=entityrecord : Success
dynamics.py - INFO - 2024-10-07 17:26:18,951 - ID: 4916 : KBA-68267-R5G4K3 : http://sv-vw-ejap:5555/SupportCenter/main.aspx?etc=127&extraqs=%3fetc%3d127%26id%3d%257b74be1585-48ee-ed11-882d-0050569565d2%257d&newWindow=true&pagetype=entityrecord : Success
dynamics.py - INFO - 2024-10-07 17:26:33,899 - ID: 4917 : KBA-35502-S1T2C0 : http://sv-vw-ejap:5555/SupportCenter/main.aspx?etc=127&extraqs=%3fetc%3d127%26id%3d%257ba02ced00-f3d3-eb11-8828-0050569565d2%257d&newWindow=true&pagetype=entityrecord : Success
dynamics.py - INFO - 2024-10-07 17:26:47,959 - ID: 4918 : KBA-68573-W1G2S0 : http://sv-vw-ejap:5555/SupportCenter/main.aspx?etc=127&extraqs=%3fetc%3d127%26id%3d%257b4b5fd0bd-d0f7-ed11-882d-00505695a183%257d&newWindow=true&pagetype=entityrecord : Success
dynamics.py - INFO - 2024-10-07 17:27:02,379 - ID: 4919 : KBA-47586-H3H4T4 : http://sv-vw-ejap:5555/SupportCenter/main.aspx?etc=127&extraqs=%3fetc%3d127%26id%3d%257bea5fc571-ee50-ec11-882a-00505695a183%257d&newWindow=true&pagetype=entityrecord : Success
dynamics.py - INFO - 2024-10-07 17:27:42,100 - ID: 4920 : KBA-65778-W6Y4L9 : http://sv-vw-ejap:5555/SupportCenter/main.aspx?etc=127&extraqs=%3fetc%3d127%26id%3d%257b8ccff328-80ba-ed11-882d-0050569565d2%257d&newWindow=true&pagetype=entityrecord : Success
dynamics.py - INFO - 2024-10-07 17:27:56,518 - ID: 4921 : KBA-65425-Q9X0R1 : http://sv-vw-ejap:5555/SupportCenter/main.aspx?etc=127&extraqs=%3fetc%3d127%26id%3d%257b7cd21993-91b5-ed11-882d-0050569565d2%257d&newWindow=true&pagetype=entityrecord : Success
dynamics.py - INFO - 2024-10-07 17:31:16,601 - ID: 4356 : KBA-05272-V5D8B4 : http://sv-vw-ejap:5555/SupportCenter/main.aspx?etc=127&extraqs=%3fetc%3d127%26id%3d%257b0609b58b-33bb-ea11-8826-00505695a183%257d&newWindow=true&pagetype=entityrecord : Success
dynamics.py - INFO - 2024-10-07 17:31:31,191 - ID: 4357 : KBA-05273-Z3Z0Q2 : http://sv-vw-ejap:5555/SupportCenter/main.aspx?etc=127&extraqs=%3fetc%3d127%26id%3d%257b0809b58b-33bb-ea11-8826-00505695a183%257d&newWindow=true&pagetype=entityrecord : Success
dynamics.py - INFO - 2024-10-07 17:32:05,188 - ID: 4358 : KBA-05274-S1P7K1 : http://sv-vw-ejap:5555/SupportCenter/main.aspx?etc=127&extraqs=%3fetc%3d127%26id%3d%257b0a09b58b-33bb-ea11-8826-00505695a183%257d&newWindow=true&pagetype=entityrecord : Success
dynamics.py - INFO - 2024-10-07 17:32:39,242 - ID: 4359 : KBA-05275-F0N3T7 : http://sv-vw-ejap:5555/SupportCenter/main.aspx?etc=127&extraqs=%3fetc%3d127%26id%3d%257b0c09b58b-33bb-ea11-8826-00505695a183%257d&newWindow=true&pagetype=entityrecord : Success
dynamics.py - INFO - 2024-10-07 17:32:54,125 - ID: 4360 : KBA-05276-W6H6V6 : http://sv-vw-ejap:5555/SupportCenter/main.aspx?etc=127&extraqs=%3fetc%3d127%26id%3d%257b0e09b58b-33bb-ea11-8826-00505695a183%257d&newWindow=true&pagetype=entityrecord : Success
dynamics.py - INFO - 2024-10-07 17:33:09,451 - ID: 4336 : KBA-57262-N0C5S9 : http://sv-vw-ejap:5555/SupportCenter/main.aspx?etc=127&extraqs=%3fetc%3d127%26id%3d%257b88613393-b501-ed11-882c-00505695a183%257d&newWindow=true&pagetype=entityrecord : Success
dynamics.py - INFO - 2024-10-07 17:33:24,165 - ID: 4337 : KBA-57264-V2D0Z2 : http://sv-vw-ejap:5555/SupportCenter/main.aspx?etc=127&extraqs=%3fetc%3d127%26id%3d%257bad0e9eb1-b701-ed11-882c-0050569565d2%257d&newWindow=true&pagetype=entityrecord : Success
dynamics.py - INFO - 2024-10-07 17:33:40,446 - ID: 4338 : KBA-57274-S1Q6N0 : http://sv-vw-ejap:5555/SupportCenter/main.aspx?etc=127&extraqs=%3fetc%3d127%26id%3d%257bdd18d7a2-c201-ed11-882c-00505695a183%257d&newWindow=true&pagetype=entityrecord : Success
dynamics.py - INFO - 2024-10-07 17:33:55,410 - ID: 4339 : KBA-57281-X5K4J8 : http://sv-vw-ejap:5555/SupportCenter/main.aspx?etc=127&extraqs=%3fetc%3d127%26id%3d%257b9b2baba1-5702-ed11-882c-0050569565d2%257d&newWindow=true&pagetype=entityrecord : Success
dynamics.py - INFO - 2024-10-07 17:34:10,989 - ID: 4340 : KBA-57287-S2T0G9 : http://sv-vw-ejap:5555/SupportCenter/main.aspx?etc=127&extraqs=%3fetc%3d127%26id%3d%257b8f4d2bae-6302-ed11-882c-00505695a183%257d&newWindow=true&pagetype=entityrecord : Success
dynamics.py - INFO - 2024-10-07 17:34:44,254 - ID: 4341 : KBA-57288-G6B3F7 : http://sv-vw-ejap:5555/SupportCenter/main.aspx?etc=127&extraqs=%3fetc%3d127%26id%3d%257b593e5d02-6402-ed11-882c-00505695a183%257d&newWindow=true&pagetype=entityrecord : Success
dynamics.py - INFO - 2024-10-07 17:35:17,326 - ID: 4190 : KBA-28557-S6T0T8 : http://sv-vw-ejap:5555/SupportCenter/main.aspx?etc=127&extraqs=%3fetc%3d127%26id%3d%257b66b79520-7b71-eb11-8826-0050569565d2%257d&newWindow=true&pagetype=entityrecord : Success
dynamics.py - INFO - 2024-10-07 17:35:32,037 - ID: 4191 : KBA-28556-Q2B0H6 : http://sv-vw-ejap:5555/SupportCenter/main.aspx?etc=127&extraqs=%3fetc%3d127%26id%3d%257ba27b1afe-7a71-eb11-8826-0050569565d2%257d&newWindow=true&pagetype=entityrecord : Success
dynamics.py - INFO - 2024-10-07 17:36:05,243 - ID: 4192 : KBA-28555-B6P4T1 : http://sv-vw-ejap:5555/SupportCenter/main.aspx?etc=127&extraqs=%3fetc%3d127%26id%3d%257b058eb7ff-7971-eb11-8826-0050569565d2%257d&newWindow=true&pagetype=entityrecord : Success
dynamics.py - INFO - 2024-10-07 17:36:19,884 - ID: 4193 : KBA-28554-X1K5D9 : http://sv-vw-ejap:5555/SupportCenter/main.aspx?etc=127&extraqs=%3fetc%3d127%26id%3d%257b76ca3dd1-7971-eb11-8826-0050569565d2%257d&newWindow=true&pagetype=entityrecord : Success
dynamics.py - INFO - 2024-10-07 17:36:35,872 - ID: 4194 : KBA-28166-R6G0H0 : http://sv-vw-ejap:5555/SupportCenter/main.aspx?etc=127&extraqs=%3fetc%3d127%26id%3d%257be05ed1cb-c56c-eb11-8826-0050569565d2%257d&newWindow=true&pagetype=entityrecord : Success
dynamics.py - INFO - 2024-10-07 17:37:08,341 - ID: 4202 : KBA-27552-T0J0V3 : http://sv-vw-ejap:5555/SupportCenter/main.aspx?etc=127&extraqs=%3fetc%3d127%26id%3d%257bc0b63d04-b065-eb11-8826-0050569565d2%257d&newWindow=true&pagetype=entityrecord : Success
dynamics.py - INFO - 2024-10-07 17:37:40,578 - ID: 4203 : KBA-27550-N6N4N4 : http://sv-vw-ejap:5555/SupportCenter/main.aspx?etc=127&extraqs=%3fetc%3d127%26id%3d%257be5cafdd9-af65-eb11-8826-0050569565d2%257d&newWindow=true&pagetype=entityrecord : Success
dynamics.py - INFO - 2024-10-07 17:37:56,366 - ID: 4204 : KBA-27479-G5R9F7 : http://sv-vw-ejap:5555/SupportCenter/main.aspx?etc=127&extraqs=%3fetc%3d127%26id%3d%257b3d403e5f-e864-eb11-8826-0050569565d2%257d&newWindow=true&pagetype=entityrecord : Success
dynamics.py - INFO - 2024-10-07 17:38:10,118 - ID: 4205 : KBA-27478-T0M5P1 : http://sv-vw-ejap:5555/SupportCenter/main.aspx?etc=127&extraqs=%3fetc%3d127%26id%3d%257b97e263e3-e764-eb11-8826-0050569565d2%257d&newWindow=true&pagetype=entityrecord : Success
dynamics.py - INFO - 2024-10-07 17:38:25,530 - ID: 4206 : KBA-06469-L9H5K8 : http://sv-vw-ejap:5555/SupportCenter/main.aspx?etc=127&extraqs=%3fetc%3d127%26id%3d%257bee96fa7e-44bb-ea11-8826-00505695a183%257d&newWindow=true&pagetype=entityrecord : Success
